

Date：2026-02-06 00:03:54
LogLevel：Information
Message：User profile is available. Using '"/Users/lsy/.aspnet/DataProtection-Keys"' as key repository; keys will not be encrypted at rest.
----------------------------------------------------------------------------------------------------

Date：2026-02-06 00:03:54
LogLevel：Information
Message：Now listening on: "http://localhost:5051"
----------------------------------------------------------------------------------------------------

Date：2026-02-06 00:03:54
LogLevel：Information
Message：Application started. Press Ctrl+C to shut down.
----------------------------------------------------------------------------------------------------

Date：2026-02-06 00:03:54
LogLevel：Information
Message：Hosting environment: "Development"
----------------------------------------------------------------------------------------------------

Date：2026-02-06 00:03:54
LogLevel：Information
Message：Content root path: "/Users/lsy/workspace/csharp/blog/Blog.Api"
----------------------------------------------------------------------------------------------------

Date：2026-02-06 00:05:07
LogLevel：Information
Message：Request starting "HTTP/1.1" "GET" "http"://"127.0.0.1:5051""""/api/site/redirectio'n""?name=qq" - null null
----------------------------------------------------------------------------------------------------

Date：2026-02-06 00:05:07
LogLevel：Information
Message：Request finished "HTTP/1.1" "GET" "http"://"127.0.0.1:5051""""/api/site/redirectio'n""?name=qq" - 404 0 null 395.8302ms
----------------------------------------------------------------------------------------------------

Date：2026-02-06 00:05:07
LogLevel：Information
Message：Request reached the end of the middleware pipeline without being handled by application code. Request path: "GET" "http"://"127.0.0.1:5051""""/api/site/redirectio'n", Response status code: 404
----------------------------------------------------------------------------------------------------

Date：2026-02-06 00:05:23
LogLevel：Information
Message：Request starting "HTTP/1.1" "GET" "http"://"127.0.0.1:5051""""/api/site/redirection""" - null null
----------------------------------------------------------------------------------------------------

Date：2026-02-06 00:05:23
LogLevel：Information
Message：Executing endpoint '"blog.Controllers.SiteController.Redirection (Blog.Api)"'
----------------------------------------------------------------------------------------------------

Date：2026-02-06 00:05:23
LogLevel：Information
Message：Route matched with "{action = \"Redirection\", controller = \"Site\"}". Executing controller action with signature "Blog.Common.Utils.ApiResult Redirection()" on controller "blog.Controllers.SiteController" ("Blog.Api").
----------------------------------------------------------------------------------------------------

Date：2026-02-06 00:06:05
LogLevel：Information
Message：Executed action "blog.Controllers.SiteController.Redirection (Blog.Api)" in 42151.6428ms
----------------------------------------------------------------------------------------------------

Date：2026-02-06 00:06:05
LogLevel：Information
Message：Executed endpoint '"blog.Controllers.SiteController.Redirection (Blog.Api)"'
----------------------------------------------------------------------------------------------------

Date：2026-02-06 00:06:05
LogLevel：Error
Message：An unhandled exception has occurred while executing the request.
System.InvalidOperationException: Configuration validation failed: AppKey is required.
   at Blog.Extensions.Validation.ConfigValidationExtensions.ValidateOrThrow(IValidatableObject obj, String configName) in /Users/lsy/workspace/csharp/blog/Blog.Common/Validation/ConfigValidationExtensions.cs:line 57
   at blog.Controllers.SiteController.Redirection() in /Users/lsy/workspace/csharp/blog/Blog.Api/Controllers/SiteController.cs:line 48
   at lambda_method15(Closure, Object, Object[])
   at Microsoft.AspNetCore.Mvc.Infrastructure.ActionMethodExecutor.SyncObjectResultExecutor.Execute(ActionContext actionContext, IActionResultTypeMapper mapper, ObjectMethodExecutor executor, Object controller, Object[] arguments)
   at Microsoft.AspNetCore.Mvc.Infrastructure.ControllerActionInvoker.InvokeActionMethodAsync()
   at Microsoft.AspNetCore.Mvc.Infrastructure.ControllerActionInvoker.Next(State& next, Scope& scope, Object& state, Boolean& isCompleted)
   at Microsoft.AspNetCore.Mvc.Infrastructure.ControllerActionInvoker.InvokeNextActionFilterAsync()
--- End of stack trace from previous location ---
   at Microsoft.AspNetCore.Mvc.Infrastructure.ControllerActionInvoker.Rethrow(ActionExecutedContextSealed context)
   at Microsoft.AspNetCore.Mvc.Infrastructure.ControllerActionInvoker.Next(State& next, Scope& scope, Object& state, Boolean& isCompleted)
   at Microsoft.AspNetCore.Mvc.Infrastructure.ControllerActionInvoker.InvokeInnerFilterAsync()
--- End of stack trace from previous location ---
   at Microsoft.AspNetCore.Mvc.Infrastructure.ResourceInvoker.<InvokeFilterPipelineAsync>g__Awaited|20_0(ResourceInvoker invoker, Task lastTask, State next, Scope scope, Object state, Boolean isCompleted)
   at Microsoft.AspNetCore.Mvc.Infrastructure.ResourceInvoker.<InvokeAsync>g__Logged|17_1(ResourceInvoker invoker)
   at Microsoft.AspNetCore.Mvc.Infrastructure.ResourceInvoker.<InvokeAsync>g__Logged|17_1(ResourceInvoker invoker)
   at Microsoft.AspNetCore.Routing.EndpointMiddleware.<Invoke>g__AwaitRequestTask|7_0(Endpoint endpoint, Task requestTask, ILogger logger)
   at Microsoft.AspNetCore.Authorization.AuthorizationMiddleware.Invoke(HttpContext context)
   at Microsoft.AspNetCore.Authentication.AuthenticationMiddleware.Invoke(HttpContext context)
   at Blog.Extensions.Middleware.LogMiddleware.Invoke(HttpContext context) in /Users/lsy/workspace/csharp/blog/Blog.Extensions/Middleware/LogMiddleware.cs:line 32
   at Microsoft.AspNetCore.Diagnostics.DeveloperExceptionPageMiddlewareImpl.Invoke(HttpContext context)
----------------------------------------------------------------------------------------------------

Date：2026-02-06 00:06:05
LogLevel：Information
Message：Request finished "HTTP/1.1" "GET" "http"://"127.0.0.1:5051""""/api/site/redirection""" - 500 null "text/plain; charset=utf-8" 42298.1863ms
----------------------------------------------------------------------------------------------------

Date：2026-02-06 00:10:13
LogLevel：Information
Message：User profile is available. Using '"/Users/lsy/.aspnet/DataProtection-Keys"' as key repository; keys will not be encrypted at rest.
----------------------------------------------------------------------------------------------------

Date：2026-02-06 00:10:13
LogLevel：Information
Message：Now listening on: "http://localhost:5051"
----------------------------------------------------------------------------------------------------

Date：2026-02-06 00:10:13
LogLevel：Information
Message：Application started. Press Ctrl+C to shut down.
----------------------------------------------------------------------------------------------------

Date：2026-02-06 00:10:13
LogLevel：Information
Message：Hosting environment: "Development"
----------------------------------------------------------------------------------------------------

Date：2026-02-06 00:10:13
LogLevel：Information
Message：Content root path: "/Users/lsy/workspace/csharp/blog/Blog.Api"
----------------------------------------------------------------------------------------------------

Date：2026-02-06 00:10:15
LogLevel：Information
Message：Request starting "HTTP/1.1" "GET" "http"://"127.0.0.1:5051""""/api/site/redirection""" - null null
----------------------------------------------------------------------------------------------------

Date：2026-02-06 00:10:16
LogLevel：Information
Message：Executing endpoint '"blog.Controllers.SiteController.Redirection (Blog.Api)"'
----------------------------------------------------------------------------------------------------

Date：2026-02-06 00:10:16
LogLevel：Information
Message：Route matched with "{action = \"Redirection\", controller = \"Site\"}". Executing controller action with signature "Blog.Common.Utils.ApiResult Redirection()" on controller "blog.Controllers.SiteController" ("Blog.Api").
----------------------------------------------------------------------------------------------------

Date：2026-02-06 11:02:44
LogLevel：Information
Message：User profile is available. Using '"/Users/lsy/.aspnet/DataProtection-Keys"' as key repository; keys will not be encrypted at rest.
----------------------------------------------------------------------------------------------------

Date：2026-02-06 11:02:44
LogLevel：Information
Message：Now listening on: "http://localhost:5051"
----------------------------------------------------------------------------------------------------

Date：2026-02-06 11:02:44
LogLevel：Information
Message：Application started. Press Ctrl+C to shut down.
----------------------------------------------------------------------------------------------------

Date：2026-02-06 11:02:44
LogLevel：Information
Message：Hosting environment: "Development"
----------------------------------------------------------------------------------------------------

Date：2026-02-06 11:02:44
LogLevel：Information
Message：Content root path: "/Users/lsy/workspace/csharp/blog/Blog.Api"
----------------------------------------------------------------------------------------------------

Date：2026-02-06 11:02:48
LogLevel：Information
Message：Request starting "HTTP/1.1" "GET" "http"://"127.0.0.1:5051""""/api/site/redirection""" - null null
----------------------------------------------------------------------------------------------------

Date：2026-02-06 11:02:49
LogLevel：Information
Message：Failed to validate the token.
Microsoft.IdentityModel.Tokens.SecurityTokenExpiredException: IDX10223: Lifetime validation failed. The token is expired. ValidTo (UTC): '2026/2/6 01:29:44', Current time (UTC): '2026/2/6 03:02:49'.
   at Microsoft.IdentityModel.Tokens.ValidatorUtilities.ValidateLifetime(Nullable`1 notBefore, Nullable`1 expires, SecurityToken securityToken, TokenValidationParameters validationParameters)
   at Microsoft.IdentityModel.Tokens.Validators.ValidateLifetime(Nullable`1 notBefore, Nullable`1 expires, SecurityToken securityToken, TokenValidationParameters validationParameters)
   at Microsoft.IdentityModel.JsonWebTokens.JsonWebTokenHandler.ValidateTokenPayloadAsync(JsonWebToken jsonWebToken, TokenValidationParameters validationParameters, BaseConfiguration configuration)
   at Microsoft.IdentityModel.JsonWebTokens.JsonWebTokenHandler.ValidateJWSAsync(JsonWebToken jsonWebToken, TokenValidationParameters validationParameters, BaseConfiguration configuration)
----------------------------------------------------------------------------------------------------

Date：2026-02-06 11:02:49
LogLevel：Information
Message："Bearer" was not authenticated. Failure message: "IDX10223: Lifetime validation failed. The token is expired. ValidTo (UTC): '2026/2/6 01:29:44', Current time (UTC): '2026/2/6 03:02:49'."
----------------------------------------------------------------------------------------------------

Date：2026-02-06 11:02:49
LogLevel：Information
Message："Bearer" was not authenticated. Failure message: "IDX10223: Lifetime validation failed. The token is expired. ValidTo (UTC): '2026/2/6 01:29:44', Current time (UTC): '2026/2/6 03:02:49'."
----------------------------------------------------------------------------------------------------

Date：2026-02-06 11:02:49
LogLevel：Information
Message：Authorization failed. "These requirements were not met:
DenyAnonymousAuthorizationRequirement: Requires an authenticated user."
----------------------------------------------------------------------------------------------------

Date：2026-02-06 11:02:49
LogLevel：Information
Message：AuthenticationScheme: "Bearer" was challenged.
----------------------------------------------------------------------------------------------------

Date：2026-02-06 11:02:49
LogLevel：Information
Message：Request finished "HTTP/1.1" "GET" "http"://"127.0.0.1:5051""""/api/site/redirection""" - 401 null "application/json" 404.544ms
----------------------------------------------------------------------------------------------------

Date：2026-02-06 11:02:56
LogLevel：Information
Message：Request starting "HTTP/1.1" "POST" "http"://"127.0.0.1:5051""""/api/user/login""" - "application/json" 53
----------------------------------------------------------------------------------------------------

Date：2026-02-06 11:02:56
LogLevel：Information
Message：Executing endpoint '"blog.Controllers.UserController.CheckLogin (Blog.Api)"'
----------------------------------------------------------------------------------------------------

Date：2026-02-06 11:02:56
LogLevel：Information
Message：Route matched with "{action = \"CheckLogin\", controller = \"User\"}". Executing controller action with signature "System.Threading.Tasks.Task`1[Blog.Common.Utils.ApiResult] CheckLogin(Blog.Services.UserApp.UserModelLoginDto)" on controller "blog.Controllers.UserController" ("Blog.Api").
----------------------------------------------------------------------------------------------------

Date：2026-02-06 11:02:57
LogLevel：Information
Message：Executed DbCommand ("16"ms) [Parameters=["@__timeThreshold_0='?' (DbType = DateTime)"], CommandType='Text', CommandTimeout='30']"
""SELECT `l`.`id`, `l`.`addr`, `l`.`content`, `l`.`created_at`, `l`.`ip`, `l`.`is_read`, `l`.`level`, `l`.`log_type`, `l`.`login_status`, `l`.`login_type`, `l`.`pwd`, `l`.`service_name`, `l`.`title`, `l`.`updated_at`, `l`.`user_id`, `l`.`user_name`
FROM `log_models` AS `l`
WHERE (`l`.`log_type` = 3) AND (`l`.`created_at` >= @__timeThreshold_0)
ORDER BY `l`.`updated_at` DESC"
----------------------------------------------------------------------------------------------------

Date：2026-02-06 11:02:57
LogLevel：Information
Message：Executed DbCommand ("1"ms) [Parameters=["@p0='?' (Size = 64), @p1='?' (Size = 4000), @p2='?' (DbType = DateTime), @p3='?' (Size = 32), @p4='?' (DbType = Boolean), @p5='?' (DbType = Int32), @p6='?' (DbType = Int32), @p7='?' (DbType = Boolean), @p8='?' (DbType = SByte), @p9='?' (Size = 32), @p10='?' (Size = 32), @p11='?' (Size = 32), @p12='?' (DbType = UInt64), @p13='?' (Size = 32)"], CommandType='Text', CommandTimeout='30']"
""INSERT INTO `log_models` (`addr`, `content`, `created_at`, `ip`, `is_read`, `level`, `log_type`, `login_status`, `login_type`, `pwd`, `service_name`, `title`, `user_id`, `user_name`)
VALUES (@p0, @p1, @p2, @p3, @p4, @p5, @p6, @p7, @p8, @p9, @p10, @p11, @p12, @p13);
SELECT `id`, `updated_at`
FROM `log_models`
WHERE ROW_COUNT() = 1 AND `id` = LAST_INSERT_ID();"
----------------------------------------------------------------------------------------------------

Date：2026-02-06 11:02:57
LogLevel：Information
Message：Executed DbCommand ("5"ms) [Parameters=["@__md5Str_0='?' (Size = 64), @__dto_Username_1='?' (Size = 32)"], CommandType='Text', CommandTimeout='30']"
""SELECT `u`.`id`, `u`.`abstract`, `u`.`avatar`, `u`.`code_age`, `u`.`created_at`, `u`.`email`, `u`.`nickname`, `u`.`open_id`, `u`.`password`, `u`.`register_src`, `u`.`role`, `u`.`updated_at`, `u`.`username`
FROM `user_models` AS `u`
WHERE (`u`.`password` = @__md5Str_0) AND (`u`.`username` = @__dto_Username_1)
LIMIT 1"
----------------------------------------------------------------------------------------------------

Date：2026-02-06 11:02:57
LogLevel：Information
Message：Executed DbCommand ("51"ms) [Parameters=["@__dto_Username_0='?' (Size = 32), @__md5Str_1='?' (Size = 64)"], CommandType='Text', CommandTimeout='30']"
""SELECT `u`.`id`, `u`.`abstract`, `u`.`avatar`, `u`.`code_age`, `u`.`created_at`, `u`.`email`, `u`.`nickname`, `u`.`open_id`, `u`.`password`, `u`.`register_src`, `u`.`role`, `u`.`updated_at`, `u`.`username`
FROM `user_models` AS `u`
WHERE (`u`.`username` = @__dto_Username_0) AND (`u`.`password` = @__md5Str_1)
LIMIT 1"
----------------------------------------------------------------------------------------------------

Date：2026-02-06 11:02:57
LogLevel：Information
Message：Executing "ObjectResult", writing value of type '"Blog.Common.Utils.ApiResult"'.
----------------------------------------------------------------------------------------------------

Date：2026-02-06 11:02:57
LogLevel：Information
Message：Executed action "blog.Controllers.UserController.CheckLogin (Blog.Api)" in 588.939ms
----------------------------------------------------------------------------------------------------

Date：2026-02-06 11:02:57
LogLevel：Information
Message：Executed endpoint '"blog.Controllers.UserController.CheckLogin (Blog.Api)"'
----------------------------------------------------------------------------------------------------

Date：2026-02-06 11:02:57
LogLevel：Information
Message：Request finished "HTTP/1.1" "POST" "http"://"127.0.0.1:5051""""/api/user/login""" - 200 null "application/json; charset=utf-8" 640.0561ms
----------------------------------------------------------------------------------------------------

Date：2026-02-06 11:03:16
LogLevel：Information
Message：Request starting "HTTP/1.1" "GET" "http"://"127.0.0.1:5051""""/api/site/redirection""" - null null
----------------------------------------------------------------------------------------------------

Date：2026-02-06 11:03:16
LogLevel：Information
Message：Executing endpoint '"blog.Controllers.SiteController.Redirection (Blog.Api)"'
----------------------------------------------------------------------------------------------------

Date：2026-02-06 11:03:16
LogLevel：Information
Message：Route matched with "{action = \"Redirection\", controller = \"Site\"}". Executing controller action with signature "Blog.Common.Utils.ApiResult Redirection()" on controller "blog.Controllers.SiteController" ("Blog.Api").
----------------------------------------------------------------------------------------------------

Date：2026-02-06 11:03:16
LogLevel：Information
Message：Executing "ObjectResult", writing value of type '"Blog.Common.Utils.ApiResult"'.
----------------------------------------------------------------------------------------------------

Date：2026-02-06 11:03:16
LogLevel：Information
Message：Executed action "blog.Controllers.SiteController.Redirection (Blog.Api)" in 5.0038ms
----------------------------------------------------------------------------------------------------

Date：2026-02-06 11:03:16
LogLevel：Information
Message：Executed endpoint '"blog.Controllers.SiteController.Redirection (Blog.Api)"'
----------------------------------------------------------------------------------------------------

Date：2026-02-06 11:03:16
LogLevel：Information
Message：Request finished "HTTP/1.1" "GET" "http"://"127.0.0.1:5051""""/api/site/redirection""" - 200 null "application/json; charset=utf-8" 87.328ms
----------------------------------------------------------------------------------------------------

Date：2026-02-06 11:04:21
LogLevel：Information
Message：User profile is available. Using '"/Users/lsy/.aspnet/DataProtection-Keys"' as key repository; keys will not be encrypted at rest.
----------------------------------------------------------------------------------------------------

Date：2026-02-06 11:04:21
LogLevel：Information
Message：Now listening on: "http://localhost:5051"
----------------------------------------------------------------------------------------------------

Date：2026-02-06 11:04:21
LogLevel：Information
Message：Application started. Press Ctrl+C to shut down.
----------------------------------------------------------------------------------------------------

Date：2026-02-06 11:04:21
LogLevel：Information
Message：Hosting environment: "Development"
----------------------------------------------------------------------------------------------------

Date：2026-02-06 11:04:21
LogLevel：Information
Message：Content root path: "/Users/lsy/workspace/csharp/blog/Blog.Api"
----------------------------------------------------------------------------------------------------

Date：2026-02-06 11:04:24
LogLevel：Information
Message：Request starting "HTTP/1.1" "GET" "http"://"127.0.0.1:5051""""/api/site/redirection""" - null null
----------------------------------------------------------------------------------------------------

Date：2026-02-06 11:04:25
LogLevel：Information
Message：Executing endpoint '"blog.Controllers.SiteController.Redirection (Blog.Api)"'
----------------------------------------------------------------------------------------------------

Date：2026-02-06 11:04:25
LogLevel：Information
Message：Route matched with "{action = \"Redirection\", controller = \"Site\"}". Executing controller action with signature "Blog.Common.Utils.ApiResult Redirection()" on controller "blog.Controllers.SiteController" ("Blog.Api").
----------------------------------------------------------------------------------------------------

Date：2026-02-06 11:04:25
LogLevel：Information
Message：Executing "ObjectResult", writing value of type '"Blog.Common.Utils.ApiResult"'.
----------------------------------------------------------------------------------------------------

Date：2026-02-06 11:04:25
LogLevel：Information
Message：Executed action "blog.Controllers.SiteController.Redirection (Blog.Api)" in 11.0607ms
----------------------------------------------------------------------------------------------------

Date：2026-02-06 11:04:25
LogLevel：Information
Message：Executed endpoint '"blog.Controllers.SiteController.Redirection (Blog.Api)"'
----------------------------------------------------------------------------------------------------

Date：2026-02-06 11:04:25
LogLevel：Information
Message：Request finished "HTTP/1.1" "GET" "http"://"127.0.0.1:5051""""/api/site/redirection""" - 200 null "application/json; charset=utf-8" 422.5626ms
----------------------------------------------------------------------------------------------------